#
# A fatal error has been detected by the Java Runtime Environment:
#
#  EXCEPTION_ACCESS_VIOLATION (0xc0000005) at pc=0x00007fff11ee6699, pid=14916, tid=7568
#
# JRE version: Java(TM) SE Runtime Environment (14.0.2+12) (build 14.0.2+12-46)
# Java VM: Java HotSpot(TM) 64-Bit Server VM (14.0.2+12-46, mixed mode, sharing, tiered, compressed oops, g1 gc, windows-amd64)
# Problematic frame:
# V  [jvm.dll+0x206699]
#
# No core dump will be written. Minidumps are not enabled by default on client versions of Windows
#
# If you would like to submit a bug report, please visit:
#   https://bugreport.java.com/bugreport/crash.jsp
#

---------------  S U M M A R Y ------------

Command Line: -agentlib:jdwp=transport=dt_socket,suspend=y,address=localhost:61335 -javaagent:C:\eclipse\configuration\org.eclipse.osgi\222\0\.cp\lib\javaagent-shaded.jar -Dfile.encoding=UTF-8 test2

Host: Intel(R) Core(TM) i5-8265U CPU @ 1.60GHz, 8 cores, 15G,  Windows 10 , 64 bit Build 18362 (10.0.18362.1110)
Time: Wed Oct 21 15:19:44 2020 ?D1¨²¡À¨º¡Á?¨º¡À?? elapsed time: 71453 seconds (0d 19h 50m 53s)

---------------  T H R E A D  ---------------

Current thread (0x0000022eb3e3f000):  JavaThread "JDWP Transport Listener: dt_socket" daemon [_thread_in_vm, id=7568, stack(0x0000003fcd300000,0x0000003fcd400000)] _threads_hazard_ptr=0x0000022eb3e7ed50

Stack: [0x0000003fcd300000,0x0000003fcd400000],  sp=0x0000003fcd3fee38,  free space=1019k
Native frames: (J=compiled Java code, j=interpreted, Vv=VM code, C=native code)
V  [jvm.dll+0x206699]


siginfo: EXCEPTION_ACCESS_VIOLATION (0xc0000005), reading address 0x0000022eb38dc4e8


Register to memory mapping:

RIP=0x00007fff11ee6699 jvm.dll
RAX=0x0000000000194080 is an unknown value
RBX=0x0000003fcd3ff0f0 is pointing into the stack for thread: 0x0000022eb3e3f000
RCX=0x0000022eb3748468 is pointing into metadata
RDX=0x000000000000ca03 is an unknown value
RSP=0x0000003fcd3fee38 is pointing into the stack for thread: 0x0000022eb3e3f000
RBP=0x0000000000000001 is an unknown value
RSI=0x0 is NULL
RDI=0x0000022eb3748080 is pointing into metadata
R8 =0x0 is NULL
R9 =0x0000022eb3748080 is pointing into metadata
R10=0x00007fff11ce0000 jvm.dll
R11=0x0000003fcd3feea0 is pointing into the stack for thread: 0x0000022eb3e3f000
R12=0x0000022eb3d51fc0 points into unknown readable memory: 00 ef c8 12 00 00 00 00
R13=0x0 is NULL
R14=0x0000022eb37483ab is pointing into metadata
R15=0x0000000000000024 is an unknown value


Registers:
RAX=0x0000000000194080, RBX=0x0000003fcd3ff0f0, RCX=0x0000022eb3748468, RDX=0x000000000000ca03
RSP=0x0000003fcd3fee38, RBP=0x0000000000000001, RSI=0x0000000000000000, RDI=0x0000022eb3748080
R8 =0x0000000000000000, R9 =0x0000022eb3748080, R10=0x00007fff11ce0000, R11=0x0000003fcd3feea0
R12=0x0000022eb3d51fc0, R13=0x0000000000000000, R14=0x0000022eb37483ab, R15=0x0000000000000024
RIP=0x00007fff11ee6699, EFLAGS=0x0000000000010202

Top of Stack: (sp=0x0000003fcd3fee38)
0x0000003fcd3fee38:   00007fff11fceee3 0000003fcd3feec0
0x0000003fcd3fee48:   00007fff11fd2c43 0000000000000004
0x0000003fcd3fee58:   00007fff1226f21e 0000003fcd3feec0
0x0000003fcd3fee68:   00007fff11de8d6e 8fffffff46000005
0x0000003fcd3fee78:   8fffffff8fffffff 000037d3be138ae7
0x0000003fcd3fee88:   000037d3be138af7 0000022eb37483ab
0x0000003fcd3fee98:   0000003fcd3fef50 0000003fcd3ff0f0
0x0000003fcd3feea8:   00007fff11fd0f97 0000003fcd3ff0f0
0x0000003fcd3feeb8:   0000000000000013 0000003fcd3fef80
0x0000003fcd3feec8:   0000022eb37483a0 0000003f00000013
0x0000003fcd3feed8:   6666666666666667 0000022eb37483f8
0x0000003fcd3feee8:   0000022eb3e3f000 0000022eb3748398
0x0000003fcd3feef8:   00007fff000000e6 0000022eb37483f8
0x0000003fcd3fef08:   0000022eb3d52030 0000000000000024
0x0000003fcd3fef18:   00000000000000b3 00000000000000b3
0x0000003fcd3fef28:   00007fff11fd18fe 0000003fcd3ff0f0 

Instructions: (pc=0x00007fff11ee6699)
0x00007fff11ee6599:   03 03 03 03 03 03 03 03 03 03 03 03 03 03 03 03
0x00007fff11ee65a9:   03 03 03 03 03 03 03 03 03 03 03 03 03 03 03 03
0x00007fff11ee65b9:   03 03 03 03 03 03 03 03 03 03 03 03 03 03 03 03
0x00007fff11ee65c9:   03 03 03 03 03 03 03 03 03 03 03 03 03 03 03 03
0x00007fff11ee65d9:   03 03 02 03 03 02 cc 48 89 5c 24 08 48 89 74 24
0x00007fff11ee65e9:   10 57 48 83 ec 20 48 63 da 41 0f b6 f0 48 8b f9
0x00007fff11ee65f9:   85 d2 79 24 4c 8d 0d 0c 83 63 00 ba 99 02 00 00
0x00007fff11ee6609:   4c 8d 05 38 83 63 00 48 8d 0d b1 82 63 00 e8 94
0x00007fff11ee6619:   6b 00 00 e8 cf 1f 3f 00 40 84 f6 75 18 48 8b 4f
0x00007fff11ee6629:   10 48 85 c9 74 0f 48 8d 43 01 48 c1 e0 05 48 8b
0x00007fff11ee6639:   04 08 0f b7 d8 48 8b 74 24 38 48 63 c3 48 8b 5c
0x00007fff11ee6649:   24 30 0f b7 44 c7 40 48 83 c4 20 5f c3 cc cc cc
0x00007fff11ee6659:   cc cc cc cc cc cc cc 4c 8b c9 45 84 c0 75 42 48
0x00007fff11ee6669:   8b 49 10 48 85 c9 74 39 85 d2 79 1a f7 d2 48 63
0x00007fff11ee6679:   c2 48 ff c0 48 c1 e0 05 48 8b 04 08 0f b7 c8 41
0x00007fff11ee6689:   0f b7 44 c9 42 c3 48 63 c2 48 ff c0 48 c1 e0 05
0x00007fff11ee6699:   48 8b 04 08 0f b7 d0 48 63 c2 41 0f b7 44 c1 42
0x00007fff11ee66a9:   c3 49 8b 41 08 4c 63 c2 42 0f b6 44 00 04 8d 48
0x00007fff11ee66b9:   ef 80 f9 01 76 0e 3c 6a 74 0a 48 63 c2 41 0f b7
0x00007fff11ee66c9:   44 c1 42 c3 43 0f b7 44 c1 42 c3 cc cc cc cc cc
0x00007fff11ee66d9:   cc cc cc cc cc cc cc 40 53 48 83 ec 20 48 8b d9
0x00007fff11ee66e9:   e8 72 ff ff ff 48 63 d0 0f b7 44 d3 40 48 8b 44
0x00007fff11ee66f9:   c3 40 48 83 c4 20 5b c3 cc cc cc cc cc cc cc cc
0x00007fff11ee6709:   cc cc cc cc cc cc cc 40 53 48 83 ec 20 48 8b d9
0x00007fff11ee6719:   e8 42 ff ff ff 48 63 d0 0f b7 44 d3 42 48 8b 44
0x00007fff11ee6729:   c3 40 48 83 c4 20 5b c3 cc cc cc cc cc cc cc cc
0x00007fff11ee6739:   cc cc cc cc cc cc cc 4c 8b d1 45 84 c9 75 23 4c
0x00007fff11ee6749:   8b 49 10 4d 85 c9 74 1a 45 85 c0 79 03 41 f7 d0
0x00007fff11ee6759:   49 63 c0 48 ff c0 48 c1 e0 05 4a 8b 04 08 44 0f
0x00007fff11ee6769:   b7 c0 49 8b 42 08 49 63 c8 0f b6 4c 08 04 48 8b
0x00007fff11ee6779:   c2 88 0a c3 cc cc cc 40 56 57 41 54 41 56 41 57
0x00007fff11ee6789:   48 83 ec 20 45 8b 30 49 8b f0 49 63 f9 4c 8b e2 


Stack slot to memory mapping:
stack at sp + 0 slots: 0x00007fff11fceee3 jvm.dll
stack at sp + 1 slots: 0x0000003fcd3feec0 is pointing into the stack for thread: 0x0000022eb3e3f000
stack at sp + 2 slots: 0x00007fff11fd2c43 jvm.dll
stack at sp + 3 slots: 0x0000000000000004 is an unknown value
stack at sp + 4 slots: 0x00007fff1226f21e jvm.dll
stack at sp + 5 slots: 0x0000003fcd3feec0 is pointing into the stack for thread: 0x0000022eb3e3f000
stack at sp + 6 slots: 0x00007fff11de8d6e jvm.dll
stack at sp + 7 slots: 0x8fffffff46000005 is an unknown value


---------------  P R O C E S S  ---------------

Threads class SMR info:
_java_thread_list=0x0000022eb3e7ed50, length=14, elements={
0x0000022e8d6cc000, 0x0000022eb32e4000, 0x0000022eb32e7000, 0x0000022eb3b90800,
0x0000022eb3b94800, 0x0000022eb3b96800, 0x0000022eb3b9f800, 0x0000022eb3ba6000,
0x0000022eb3ba7000, 0x0000022eb3b80800, 0x0000022eb3e3f000, 0x0000022eb3e42000,
0x0000022eb3e42800, 0x0000022eb3e8f000
}

Java Threads: ( => current thread )
  0x0000022e8d6cc000 JavaThread "main" [_thread_blocked, id=18320, stack(0x0000003fcc300000,0x0000003fcc400000)]
  0x0000022eb32e4000 JavaThread "Reference Handler" daemon [_thread_blocked, id=18324, stack(0x0000003fcca00000,0x0000003fccb00000)]
  0x0000022eb32e7000 JavaThread "Finalizer" daemon [_thread_blocked, id=12704, stack(0x0000003fccb00000,0x0000003fccc00000)]
  0x0000022eb3b90800 JavaThread "Signal Dispatcher" daemon [_thread_blocked, id=18588, stack(0x0000003fccc00000,0x0000003fccd00000)]
  0x0000022eb3b94800 JavaThread "Attach Listener" daemon [_thread_blocked, id=17948, stack(0x0000003fccd00000,0x0000003fcce00000)]
  0x0000022eb3b96800 JavaThread "Service Thread" daemon [_thread_blocked, id=6280, stack(0x0000003fcce00000,0x0000003fccf00000)]
  0x0000022eb3b9f800 JavaThread "C2 CompilerThread0" daemon [_thread_blocked, id=19024, stack(0x0000003fccf00000,0x0000003fcd000000)]
  0x0000022eb3ba6000 JavaThread "C1 CompilerThread0" daemon [_thread_blocked, id=16720, stack(0x0000003fcd000000,0x0000003fcd100000)]
  0x0000022eb3ba7000 JavaThread "Sweeper thread" daemon [_thread_blocked, id=10884, stack(0x0000003fcd100000,0x0000003fcd200000)]
  0x0000022eb3b80800 JavaThread "Common-Cleaner" daemon [_thread_blocked, id=19052, stack(0x0000003fcd200000,0x0000003fcd300000)]
=>0x0000022eb3e3f000 JavaThread "JDWP Transport Listener: dt_socket" daemon [_thread_in_vm, id=7568, stack(0x0000003fcd300000,0x0000003fcd400000)]
  0x0000022eb3e42000 JavaThread "JDWP Event Helper Thread" daemon [_thread_blocked, id=18384, stack(0x0000003fcd400000,0x0000003fcd500000)]
  0x0000022eb3e42800 JavaThread "JDWP Command Reader" daemon [_thread_in_native, id=12772, stack(0x0000003fcd500000,0x0000003fcd600000)]
  0x0000022eb3e8f000 JavaThread "Notification Thread" daemon [_thread_blocked, id=13452, stack(0x0000003fcd700000,0x0000003fcd800000)]

Other Threads:
  0x0000022eb32e2800 VMThread "VM Thread" [stack: 0x0000003fcc900000,0x0000003fcca00000] [id=16492]
  0x0000022eb3e90000 WatcherThread [stack: 0x0000003fcd800000,0x0000003fcd900000] [id=19228]
  0x0000022e8d736000 GCTaskThread "GC Thread#0" [stack: 0x0000003fcc400000,0x0000003fcc500000] [id=7200]
  0x0000022e8d757000 ConcurrentGCThread "G1 Main Marker" [stack: 0x0000003fcc500000,0x0000003fcc600000] [id=4504]
  0x0000022e8d758800 ConcurrentGCThread "G1 Conc#0" [stack: 0x0000003fcc600000,0x0000003fcc700000] [id=18852]
  0x0000022eb31d3000 ConcurrentGCThread "G1 Refine#0" [stack: 0x0000003fcc700000,0x0000003fcc800000] [id=17256]
  0x0000022eb31d4000 ConcurrentGCThread "G1 Young RemSet Sampling" [stack: 0x0000003fcc800000,0x0000003fcc900000] [id=17784]

Threads with active compile tasks:

VM state:not at safepoint (normal execution)

VM Mutex/Monitor currently owned by a thread: None

Heap address: 0x0000000703000000, size: 4048 MB, Compressed Oops mode: Zero based, Oop shift amount: 3
Narrow klass base: 0x0000000800000000, Narrow klass shift: 3
Compressed class space size: 1073741824 Address: 0x0000000800b30000

Heap:
 garbage-first heap   total 260096K, used 4096K [0x0000000703000000, 0x0000000800000000)
  region size 1024K, 5 young (5120K), 0 survivors (0K)
 Metaspace       used 2768K, capacity 4845K, committed 5120K, reserved 1056768K
  class space    used 263K, capacity 443K, committed 512K, reserved 1048576K
Heap Regions: E=young(eden), S=young(survivor), O=old, HS=humongous(starts), HC=humongous(continues), CS=collection set, F=free, OA=open archive, CA=closed archive, TAMS=top-at-mark-start (previous, next)
|   0|0x0000000703000000, 0x0000000703000000, 0x0000000703100000|  0%| F|  |TAMS 0x0000000703000000, 0x0000000703000000| Untracked 
|   1|0x0000000703100000, 0x0000000703100000, 0x0000000703200000|  0%| F|  |TAMS 0x0000000703100000, 0x0000000703100000| Untracked 
|   2|0x0000000703200000, 0x0000000703200000, 0x0000000703300000|  0%| F|  |TAMS 0x0000000703200000, 0x0000000703200000| Untracked 
|   3|0x0000000703300000, 0x0000000703300000, 0x0000000703400000|  0%| F|  |TAMS 0x0000000703300000, 0x0000000703300000| Untracked 
|   4|0x0000000703400000, 0x0000000703400000, 0x0000000703500000|  0%| F|  |TAMS 0x0000000703400000, 0x0000000703400000| Untracked 
|   5|0x0000000703500000, 0x0000000703500000, 0x0000000703600000|  0%| F|  |TAMS 0x0000000703500000, 0x0000000703500000| Untracked 
|   6|0x0000000703600000, 0x0000000703600000, 0x0000000703700000|  0%| F|  |TAMS 0x0000000703600000, 0x0000000703600000| Untracked 
|   7|0x0000000703700000, 0x0000000703700000, 0x0000000703800000|  0%| F|  |TAMS 0x0000000703700000, 0x0000000703700000| Untracked 
|   8|0x0000000703800000, 0x0000000703800000, 0x0000000703900000|  0%| F|  |TAMS 0x0000000703800000, 0x0000000703800000| Untracked 
|   9|0x0000000703900000, 0x0000000703900000, 0x0000000703a00000|  0%| F|  |TAMS 0x0000000703900000, 0x0000000703900000| Untracked 
|  10|0x0000000703a00000, 0x0000000703a00000, 0x0000000703b00000|  0%| F|  |TAMS 0x0000000703a00000, 0x0000000703a00000| Untracked 
|  11|0x0000000703b00000, 0x0000000703b00000, 0x0000000703c00000|  0%| F|  |TAMS 0x0000000703b00000, 0x0000000703b00000| Untracked 
|  12|0x0000000703c00000, 0x0000000703c00000, 0x0000000703d00000|  0%| F|  |TAMS 0x0000000703c00000, 0x0000000703c00000| Untracked 
|  13|0x0000000703d00000, 0x0000000703d00000, 0x0000000703e00000|  0%| F|  |TAMS 0x0000000703d00000, 0x0000000703d00000| Untracked 
|  14|0x0000000703e00000, 0x0000000703e00000, 0x0000000703f00000|  0%| F|  |TAMS 0x0000000703e00000, 0x0000000703e00000| Untracked 
|  15|0x0000000703f00000, 0x0000000703f00000, 0x0000000704000000|  0%| F|  |TAMS 0x0000000703f00000, 0x0000000703f00000| Untracked 
|  16|0x0000000704000000, 0x0000000704000000, 0x0000000704100000|  0%| F|  |TAMS 0x0000000704000000, 0x0000000704000000| Untracked 
|  17|0x0000000704100000, 0x0000000704100000, 0x0000000704200000|  0%| F|  |TAMS 0x0000000704100000, 0x0000000704100000| Untracked 
|  18|0x0000000704200000, 0x0000000704200000, 0x0000000704300000|  0%| F|  |TAMS 0x0000000704200000, 0x0000000704200000| Untracked 
|  19|0x0000000704300000, 0x0000000704300000, 0x0000000704400000|  0%| F|  |TAMS 0x0000000704300000, 0x0000000704300000| Untracked 
|  20|0x0000000704400000, 0x0000000704400000, 0x0000000704500000|  0%| F|  |TAMS 0x0000000704400000, 0x0000000704400000| Untracked 
|  21|0x0000000704500000, 0x0000000704500000, 0x0000000704600000|  0%| F|  |TAMS 0x0000000704500000, 0x0000000704500000| Untracked 
|  22|0x0000000704600000, 0x0000000704600000, 0x0000000704700000|  0%| F|  |TAMS 0x0000000704600000, 0x0000000704600000| Untracked 
|  23|0x0000000704700000, 0x0000000704700000, 0x0000000704800000|  0%| F|  |TAMS 0x0000000704700000, 0x0000000704700000| Untracked 
|  24|0x0000000704800000, 0x0000000704800000, 0x0000000704900000|  0%| F|  |TAMS 0x0000000704800000, 0x0000000704800000| Untracked 
|  25|0x0000000704900000, 0x0000000704900000, 0x0000000704a00000|  0%| F|  |TAMS 0x0000000704900000, 0x0000000704900000| Untracked 
|  26|0x0000000704a00000, 0x0000000704a00000, 0x0000000704b00000|  0%| F|  |TAMS 0x0000000704a00000, 0x0000000704a00000| Untracked 
|  27|0x0000000704b00000, 0x0000000704b00000, 0x0000000704c00000|  0%| F|  |TAMS 0x0000000704b00000, 0x0000000704b00000| Untracked 
|  28|0x0000000704c00000, 0x0000000704c00000, 0x0000000704d00000|  0%| F|  |TAMS 0x0000000704c00000, 0x0000000704c00000| Untracked 
|  29|0x0000000704d00000, 0x0000000704d00000, 0x0000000704e00000|  0%| F|  |TAMS 0x0000000704d00000, 0x0000000704d00000| Untracked 
|  30|0x0000000704e00000, 0x0000000704e00000, 0x0000000704f00000|  0%| F|  |TAMS 0x0000000704e00000, 0x0000000704e00000| Untracked 
|  31|0x0000000704f00000, 0x0000000704f00000, 0x0000000705000000|  0%| F|  |TAMS 0x0000000704f00000, 0x0000000704f00000| Untracked 
|  32|0x0000000705000000, 0x0000000705000000, 0x0000000705100000|  0%| F|  |TAMS 0x0000000705000000, 0x0000000705000000| Untracked 
|  33|0x0000000705100000, 0x0000000705100000, 0x0000000705200000|  0%| F|  |TAMS 0x0000000705100000, 0x0000000705100000| Untracked 
|  34|0x0000000705200000, 0x0000000705200000, 0x0000000705300000|  0%| F|  |TAMS 0x0000000705200000, 0x0000000705200000| Untracked 
|  35|0x0000000705300000, 0x0000000705300000, 0x0000000705400000|  0%| F|  |TAMS 0x0000000705300000, 0x0000000705300000| Untracked 
|  36|0x0000000705400000, 0x0000000705400000, 0x0000000705500000|  0%| F|  |TAMS 0x0000000705400000, 0x0000000705400000| Untracked 
|  37|0x0000000705500000, 0x0000000705500000, 0x0000000705600000|  0%| F|  |TAMS 0x0000000705500000, 0x0000000705500000| Untracked 
|  38|0x0000000705600000, 0x0000000705600000, 0x0000000705700000|  0%| F|  |TAMS 0x0000000705600000, 0x0000000705600000| Untracked 
|  39|0x0000000705700000, 0x0000000705700000, 0x0000000705800000|  0%| F|  |TAMS 0x0000000705700000, 0x0000000705700000| Untracked 
|  40|0x0000000705800000, 0x0000000705800000, 0x0000000705900000|  0%| F|  |TAMS 0x0000000705800000, 0x0000000705800000| Untracked 
|  41|0x0000000705900000, 0x0000000705900000, 0x0000000705a00000|  0%| F|  |TAMS 0x0000000705900000, 0x0000000705900000| Untracked 
|  42|0x0000000705a00000, 0x0000000705a00000, 0x0000000705b00000|  0%| F|  |TAMS 0x0000000705a00000, 0x0000000705a00000| Untracked 
|  43|0x0000000705b00000, 0x0000000705b00000, 0x0000000705c00000|  0%| F|  |TAMS 0x0000000705b00000, 0x0000000705b00000| Untracked 
|  44|0x0000000705c00000, 0x0000000705c00000, 0x0000000705d00000|  0%| F|  |TAMS 0x0000000705c00000, 0x0000000705c00000| Untracked 
|  45|0x0000000705d00000, 0x0000000705d00000, 0x0000000705e00000|  0%| F|  |TAMS 0x0000000705d00000, 0x0000000705d00000| Untracked 
|  46|0x0000000705e00000, 0x0000000705e00000, 0x0000000705f00000|  0%| F|  |TAMS 0x0000000705e00000, 0x0000000705e00000| Untracked 
|  47|0x0000000705f00000, 0x0000000705f00000, 0x0000000706000000|  0%| F|  |TAMS 0x0000000705f00000, 0x0000000705f00000| Untracked 
|  48|0x0000000706000000, 0x0000000706000000, 0x0000000706100000|  0%| F|  |TAMS 0x0000000706000000, 0x0000000706000000| Untracked 
|  49|0x0000000706100000, 0x0000000706100000, 0x0000000706200000|  0%| F|  |TAMS 0x0000000706100000, 0x0000000706100000| Untracked 
|  50|0x0000000706200000, 0x0000000706200000, 0x0000000706300000|  0%| F|  |TAMS 0x0000000706200000, 0x0000000706200000| Untracked 
|  51|0x0000000706300000, 0x0000000706300000, 0x0000000706400000|  0%| F|  |TAMS 0x0000000706300000, 0x0000000706300000| Untracked 
|  52|0x0000000706400000, 0x0000000706400000, 0x0000000706500000|  0%| F|  |TAMS 0x0000000706400000, 0x0000000706400000| Untracked 
|  53|0x0000000706500000, 0x0000000706500000, 0x0000000706600000|  0%| F|  |TAMS 0x0000000706500000, 0x0000000706500000| Untracked 
|  54|0x0000000706600000, 0x0000000706600000, 0x0000000706700000|  0%| F|  |TAMS 0x0000000706600000, 0x0000000706600000| Untracked 
|  55|0x0000000706700000, 0x0000000706700000, 0x0000000706800000|  0%| F|  |TAMS 0x0000000706700000, 0x0000000706700000| Untracked 
|  56|0x0000000706800000, 0x0000000706800000, 0x0000000706900000|  0%| F|  |TAMS 0x0000000706800000, 0x0000000706800000| Untracked 
|  57|0x0000000706900000, 0x0000000706900000, 0x0000000706a00000|  0%| F|  |TAMS 0x0000000706900000, 0x0000000706900000| Untracked 
|  58|0x0000000706a00000, 0x0000000706a00000, 0x0000000706b00000|  0%| F|  |TAMS 0x0000000706a00000, 0x0000000706a00000| Untracked 
|  59|0x0000000706b00000, 0x0000000706b00000, 0x0000000706c00000|  0%| F|  |TAMS 0x0000000706b00000, 0x0000000706b00000| Untracked 
|  60|0x0000000706c00000, 0x0000000706c00000, 0x0000000706d00000|  0%| F|  |TAMS 0x0000000706c00000, 0x0000000706c00000| Untracked 
|  61|0x0000000706d00000, 0x0000000706d00000, 0x0000000706e00000|  0%| F|  |TAMS 0x0000000706d00000, 0x0000000706d00000| Untracked 
|  62|0x0000000706e00000, 0x0000000706e00000, 0x0000000706f00000|  0%| F|  |TAMS 0x0000000706e00000, 0x0000000706e00000| Untracked 
|  63|0x0000000706f00000, 0x0000000706f00000, 0x0000000707000000|  0%| F|  |TAMS 0x0000000706f00000, 0x0000000706f00000| Untracked 
|  64|0x0000000707000000, 0x0000000707000000, 0x0000000707100000|  0%| F|  |TAMS 0x0000000707000000, 0x0000000707000000| Untracked 
|  65|0x0000000707100000, 0x0000000707100000, 0x0000000707200000|  0%| F|  |TAMS 0x0000000707100000, 0x0000000707100000| Untracked 
|  66|0x0000000707200000, 0x0000000707200000, 0x0000000707300000|  0%| F|  |TAMS 0x0000000707200000, 0x0000000707200000| Untracked 
|  67|0x0000000707300000, 0x0000000707300000, 0x0000000707400000|  0%| F|  |TAMS 0x0000000707300000, 0x0000000707300000| Untracked 
|  68|0x0000000707400000, 0x0000000707400000, 0x0000000707500000|  0%| F|  |TAMS 0x0000000707400000, 0x0000000707400000| Untracked 
|  69|0x0000000707500000, 0x0000000707500000, 0x0000000707600000|  0%| F|  |TAMS 0x0000000707500000, 0x0000000707500000| Untracked 
|  70|0x0000000707600000, 0x0000000707600000, 0x0000000707700000|  0%| F|  |TAMS 0x0000000707600000, 0x0000000707600000| Untracked 
|  71|0x0000000707700000, 0x0000000707700000, 0x0000000707800000|  0%| F|  |TAMS 0x0000000707700000, 0x0000000707700000| Untracked 
|  72|0x0000000707800000, 0x0000000707800000, 0x0000000707900000|  0%| F|  |TAMS 0x0000000707800000, 0x0000000707800000| Untracked 
|  73|0x0000000707900000, 0x0000000707900000, 0x0000000707a00000|  0%| F|  |TAMS 0x0000000707900000, 0x0000000707900000| Untracked 
|  74|0x0000000707a00000, 0x0000000707a00000, 0x0000000707b00000|  0%| F|  |TAMS 0x0000000707a00000, 0x0000000707a00000| Untracked 
|  75|0x0000000707b00000, 0x0000000707b00000, 0x0000000707c00000|  0%| F|  |TAMS 0x0000000707b00000, 0x0000000707b00000| Untracked 
|  76|0x0000000707c00000, 0x0000000707c00000, 0x0000000707d00000|  0%| F|  |TAMS 0x0000000707c00000, 0x0000000707c00000| Untracked 
|  77|0x0000000707d00000, 0x0000000707d00000, 0x0000000707e00000|  0%| F|  |TAMS 0x0000000707d00000, 0x0000000707d00000| Untracked 
|  78|0x0000000707e00000, 0x0000000707e00000, 0x0000000707f00000|  0%| F|  |TAMS 0x0000000707e00000, 0x0000000707e00000| Untracked 
|  79|0x0000000707f00000, 0x0000000707f00000, 0x0000000708000000|  0%| F|  |TAMS 0x0000000707f00000, 0x0000000707f00000| Untracked 
|  80|0x0000000708000000, 0x0000000708000000, 0x0000000708100000|  0%| F|  |TAMS 0x0000000708000000, 0x0000000708000000| Untracked 
|  81|0x0000000708100000, 0x0000000708100000, 0x0000000708200000|  0%| F|  |TAMS 0x0000000708100000, 0x0000000708100000| Untracked 
|  82|0x0000000708200000, 0x0000000708200000, 0x0000000708300000|  0%| F|  |TAMS 0x0000000708200000, 0x0000000708200000| Untracked 
|  83|0x0000000708300000, 0x0000000708300000, 0x0000000708400000|  0%| F|  |TAMS 0x0000000708300000, 0x0000000708300000| Untracked 
|  84|0x0000000708400000, 0x0000000708400000, 0x0000000708500000|  0%| F|  |TAMS 0x0000000708400000, 0x0000000708400000| Untracked 
|  85|0x0000000708500000, 0x0000000708500000, 0x0000000708600000|  0%| F|  |TAMS 0x0000000708500000, 0x0000000708500000| Untracked 
|  86|0x0000000708600000, 0x0000000708600000, 0x0000000708700000|  0%| F|  |TAMS 0x0000000708600000, 0x0000000708600000| Untracked 
|  87|0x0000000708700000, 0x0000000708700000, 0x0000000708800000|  0%| F|  |TAMS 0x0000000708700000, 0x0000000708700000| Untracked 
|  88|0x0000000708800000, 0x0000000708800000, 0x0000000708900000|  0%| F|  |TAMS 0x0000000708800000, 0x0000000708800000| Untracked 
|  89|0x0000000708900000, 0x0000000708900000, 0x0000000708a00000|  0%| F|  |TAMS 0x0000000708900000, 0x0000000708900000| Untracked 
|  90|0x0000000708a00000, 0x0000000708a00000, 0x0000000708b00000|  0%| F|  |TAMS 0x0000000708a00000, 0x0000000708a00000| Untracked 
|  91|0x0000000708b00000, 0x0000000708b00000, 0x0000000708c00000|  0%| F|  |TAMS 0x0000000708b00000, 0x0000000708b00000| Untracked 
|  92|0x0000000708c00000, 0x0000000708c00000, 0x0000000708d00000|  0%| F|  |TAMS 0x0000000708c00000, 0x0000000708c00000| Untracked 
|  93|0x0000000708d00000, 0x0000000708d00000, 0x0000000708e00000|  0%| F|  |TAMS 0x0000000708d00000, 0x0000000708d00000| Untracked 
|  94|0x0000000708e00000, 0x0000000708e00000, 0x0000000708f00000|  0%| F|  |TAMS 0x0000000708e00000, 0x0000000708e00000| Untracked 
|  95|0x0000000708f00000, 0x0000000708f00000, 0x0000000709000000|  0%| F|  |TAMS 0x0000000708f00000, 0x0000000708f00000| Untracked 
|  96|0x0000000709000000, 0x0000000709000000, 0x0000000709100000|  0%| F|  |TAMS 0x0000000709000000, 0x0000000709000000| Untracked 
|  97|0x0000000709100000, 0x0000000709100000, 0x0000000709200000|  0%| F|  |TAMS 0x0000000709100000, 0x0000000709100000| Untracked 
|  98|0x0000000709200000, 0x0000000709200000, 0x0000000709300000|  0%| F|  |TAMS 0x0000000709200000, 0x0000000709200000| Untracked 
|  99|0x0000000709300000, 0x0000000709300000, 0x0000000709400000|  0%| F|  |TAMS 0x0000000709300000, 0x0000000709300000| Untracked 
| 100|0x0000000709400000, 0x0000000709400000, 0x0000000709500000|  0%| F|  |TAMS 0x0000000709400000, 0x0000000709400000| Untracked 
| 101|0x0000000709500000, 0x0000000709500000, 0x0000000709600000|  0%| F|  |TAMS 0x0000000709500000, 0x0000000709500000| Untracked 
| 102|0x0000000709600000, 0x0000000709600000, 0x0000000709700000|  0%| F|  |TAMS 0x0000000709600000, 0x0000000709600000| Untracked 
| 103|0x0000000709700000, 0x0000000709700000, 0x0000000709800000|  0%| F|  |TAMS 0x0000000709700000, 0x0000000709700000| Untracked 
| 104|0x0000000709800000, 0x0000000709800000, 0x0000000709900000|  0%| F|  |TAMS 0x0000000709800000, 0x0000000709800000| Untracked 
| 105|0x0000000709900000, 0x0000000709900000, 0x0000000709a00000|  0%| F|  |TAMS 0x0000000709900000, 0x0000000709900000| Untracked 
| 106|0x0000000709a00000, 0x0000000709a00000, 0x0000000709b00000|  0%| F|  |TAMS 0x0000000709a00000, 0x0000000709a00000| Untracked 
| 107|0x0000000709b00000, 0x0000000709b00000, 0x0000000709c00000|  0%| F|  |TAMS 0x0000000709b00000, 0x0000000709b00000| Untracked 
| 108|0x0000000709c00000, 0x0000000709c00000, 0x0000000709d00000|  0%| F|  |TAMS 0x0000000709c00000, 0x0000000709c00000| Untracked 
| 109|0x0000000709d00000, 0x0000000709d00000, 0x0000000709e00000|  0%| F|  |TAMS 0x0000000709d00000, 0x0000000709d00000| Untracked 
| 110|0x0000000709e00000, 0x0000000709e00000, 0x0000000709f00000|  0%| F|  |TAMS 0x0000000709e00000, 0x0000000709e00000| Untracked 
| 111|0x0000000709f00000, 0x0000000709f00000, 0x000000070a000000|  0%| F|  |TAMS 0x0000000709f00000, 0x0000000709f00000| Untracked 
| 112|0x000000070a000000, 0x000000070a000000, 0x000000070a100000|  0%| F|  |TAMS 0x000000070a000000, 0x000000070a000000| Untracked 
| 113|0x000000070a100000, 0x000000070a100000, 0x000000070a200000|  0%| F|  |TAMS 0x000000070a100000, 0x000000070a100000| Untracked 
| 114|0x000000070a200000, 0x000000070a200000, 0x000000070a300000|  0%| F|  |TAMS 0x000000070a200000, 0x000000070a200000| Untracked 
| 115|0x000000070a300000, 0x000000070a300000, 0x000000070a400000|  0%| F|  |TAMS 0x000000070a300000, 0x000000070a300000| Untracked 
| 116|0x000000070a400000, 0x000000070a400000, 0x000000070a500000|  0%| F|  |TAMS 0x000000070a400000, 0x000000070a400000| Untracked 
| 117|0x000000070a500000, 0x000000070a500000, 0x000000070a600000|  0%| F|  |TAMS 0x000000070a500000, 0x000000070a500000| Untracked 
| 118|0x000000070a600000, 0x000000070a600000, 0x000000070a700000|  0%| F|  |TAMS 0x000000070a600000, 0x000000070a600000| Untracked 
| 119|0x000000070a700000, 0x000000070a700000, 0x000000070a800000|  0%| F|  |TAMS 0x000000070a700000, 0x000000070a700000| Untracked 
| 120|0x000000070a800000, 0x000000070a800000, 0x000000070a900000|  0%| F|  |TAMS 0x000000070a800000, 0x000000070a800000| Untracked 
| 121|0x000000070a900000, 0x000000070a900000, 0x000000070aa00000|  0%| F|  |TAMS 0x000000070a900000, 0x000000070a900000| Untracked 
| 122|0x000000070aa00000, 0x000000070aa00000, 0x000000070ab00000|  0%| F|  |TAMS 0x000000070aa00000, 0x000000070aa00000| Untracked 
| 123|0x000000070ab00000, 0x000000070ab00000, 0x000000070ac00000|  0%| F|  |TAMS 0x000000070ab00000, 0x000000070ab00000| Untracked 
| 124|0x000000070ac00000, 0x000000070ac00000, 0x000000070ad00000|  0%| F|  |TAMS 0x000000070ac00000, 0x000000070ac00000| Untracked 
| 125|0x000000070ad00000, 0x000000070ad00000, 0x000000070ae00000|  0%| F|  |TAMS 0x000000070ad00000, 0x000000070ad00000| Untracked 
| 126|0x000000070ae00000, 0x000000070ae00000, 0x000000070af00000|  0%| F|  |TAMS 0x000000070ae00000, 0x000000070ae00000| Untracked 
| 127|0x000000070af00000, 0x000000070af00000, 0x000000070b000000|  0%| F|  |TAMS 0x000000070af00000, 0x000000070af00000| Untracked 
| 128|0x000000070b000000, 0x000000070b000000, 0x000000070b100000|  0%| F|  |TAMS 0x000000070b000000, 0x000000070b000000| Untracked 
| 129|0x000000070b100000, 0x000000070b100000, 0x000000070b200000|  0%| F|  |TAMS 0x000000070b100000, 0x000000070b100000| Untracked 
| 130|0x000000070b200000, 0x000000070b200000, 0x000000070b300000|  0%| F|  |TAMS 0x000000070b200000, 0x000000070b200000| Untracked 
| 131|0x000000070b300000, 0x000000070b300000, 0x000000070b400000|  0%| F|  |TAMS 0x000000070b300000, 0x000000070b300000| Untracked 
| 132|0x000000070b400000, 0x000000070b400000, 0x000000070b500000|  0%| F|  |TAMS 0x000000070b400000, 0x000000070b400000| Untracked 
| 133|0x000000070b500000, 0x000000070b500000, 0x000000070b600000|  0%| F|  |TAMS 0x000000070b500000, 0x000000070b500000| Untracked 
| 134|0x000000070b600000, 0x000000070b600000, 0x000000070b700000|  0%| F|  |TAMS 0x000000070b600000, 0x000000070b600000| Untracked 
| 135|0x000000070b700000, 0x000000070b700000, 0x000000070b800000|  0%| F|  |TAMS 0x000000070b700000, 0x000000070b700000| Untracked 
| 136|0x000000070b800000, 0x000000070b800000, 0x000000070b900000|  0%| F|  |TAMS 0x000000070b800000, 0x000000070b800000| Untracked 
| 137|0x000000070b900000, 0x000000070b900000, 0x000000070ba00000|  0%| F|  |TAMS 0x000000070b900000, 0x000000070b900000| Untracked 
| 138|0x000000070ba00000, 0x000000070ba00000, 0x000000070bb00000|  0%| F|  |TAMS 0x000000070ba00000, 0x000000070ba00000| Untracked 
| 139|0x000000070bb00000, 0x000000070bb00000, 0x000000070bc00000|  0%| F|  |TAMS 0x000000070bb00000, 0x000000070bb00000| Untracked 
| 140|0x000000070bc00000, 0x000000070bc00000, 0x000000070bd00000|  0%| F|  |TAMS 0x000000070bc00000, 0x000000070bc00000| Untracked 
| 141|0x000000070bd00000, 0x000000070bd00000, 0x000000070be00000|  0%| F|  |TAMS 0x000000070bd00000, 0x000000070bd00000| Untracked 
| 142|0x000000070be00000, 0x000000070be00000, 0x000000070bf00000|  0%| F|  |TAMS 0x000000070be00000, 0x000000070be00000| Untracked 
| 143|0x000000070bf00000, 0x000000070bf00000, 0x000000070c000000|  0%| F|  |TAMS 0x000000070bf00000, 0x000000070bf00000| Untracked 
| 144|0x000000070c000000, 0x000000070c000000, 0x000000070c100000|  0%| F|  |TAMS 0x000000070c000000, 0x000000070c000000| Untracked 
| 145|0x000000070c100000, 0x000000070c100000, 0x000000070c200000|  0%| F|  |TAMS 0x000000070c100000, 0x000000070c100000| Untracked 
| 146|0x000000070c200000, 0x000000070c200000, 0x000000070c300000|  0%| F|  |TAMS 0x000000070c200000, 0x000000070c200000| Untracked 
| 147|0x000000070c300000, 0x000000070c300000, 0x000000070c400000|  0%| F|  |TAMS 0x000000070c300000, 0x000000070c300000| Untracked 
| 148|0x000000070c400000, 0x000000070c400000, 0x000000070c500000|  0%| F|  |TAMS 0x000000070c400000, 0x000000070c400000| Untracked 
| 149|0x000000070c500000, 0x000000070c500000, 0x000000070c600000|  0%| F|  |TAMS 0x000000070c500000, 0x000000070c500000| Untracked 
| 150|0x000000070c600000, 0x000000070c600000, 0x000000070c700000|  0%| F|  |TAMS 0x000000070c600000, 0x000000070c600000| Untracked 
| 151|0x000000070c700000, 0x000000070c700000, 0x000000070c800000|  0%| F|  |TAMS 0x000000070c700000, 0x000000070c700000| Untracked 
| 152|0x000000070c800000, 0x000000070c800000, 0x000000070c900000|  0%| F|  |TAMS 0x000000070c800000, 0x000000070c800000| Untracked 
| 153|0x000000070c900000, 0x000000070c900000, 0x000000070ca00000|  0%| F|  |TAMS 0x000000070c900000, 0x000000070c900000| Untracked 
| 154|0x000000070ca00000, 0x000000070ca00000, 0x000000070cb00000|  0%| F|  |TAMS 0x000000070ca00000, 0x000000070ca00000| Untracked 
| 155|0x000000070cb00000, 0x000000070cb00000, 0x000000070cc00000|  0%| F|  |TAMS 0x000000070cb00000, 0x000000070cb00000| Untracked 
| 156|0x000000070cc00000, 0x000000070cc00000, 0x000000070cd00000|  0%| F|  |TAMS 0x000000070cc00000, 0x000000070cc00000| Untracked 
| 157|0x000000070cd00000, 0x000000070cd00000, 0x000000070ce00000|  0%| F|  |TAMS 0x000000070cd00000, 0x000000070cd00000| Untracked 
| 158|0x000000070ce00000, 0x000000070ce00000, 0x000000070cf00000|  0%| F|  |TAMS 0x000000070ce00000, 0x000000070ce00000| Untracked 
| 159|0x000000070cf00000, 0x000000070cf00000, 0x000000070d000000|  0%| F|  |TAMS 0x000000070cf00000, 0x000000070cf00000| Untracked 
| 160|0x000000070d000000, 0x000000070d000000, 0x000000070d100000|  0%| F|  |TAMS 0x000000070d000000, 0x000000070d000000| Untracked 
| 161|0x000000070d100000, 0x000000070d100000, 0x000000070d200000|  0%| F|  |TAMS 0x000000070d100000, 0x000000070d100000| Untracked 
| 162|0x000000070d200000, 0x000000070d200000, 0x000000070d300000|  0%| F|  |TAMS 0x000000070d200000, 0x000000070d200000| Untracked 
| 163|0x000000070d300000, 0x000000070d300000, 0x000000070d400000|  0%| F|  |TAMS 0x000000070d300000, 0x000000070d300000| Untracked 
| 164|0x000000070d400000, 0x000000070d400000, 0x000000070d500000|  0%| F|  |TAMS 0x000000070d400000, 0x000000070d400000| Untracked 
| 165|0x000000070d500000, 0x000000070d500000, 0x000000070d600000|  0%| F|  |TAMS 0x000000070d500000, 0x000000070d500000| Untracked 
| 166|0x000000070d600000, 0x000000070d600000, 0x000000070d700000|  0%| F|  |TAMS 0x000000070d600000, 0x000000070d600000| Untracked 
| 167|0x000000070d700000, 0x000000070d700000, 0x000000070d800000|  0%| F|  |TAMS 0x000000070d700000, 0x000000070d700000| Untracked 
| 168|0x000000070d800000, 0x000000070d800000, 0x000000070d900000|  0%| F|  |TAMS 0x000000070d800000, 0x000000070d800000| Untracked 
| 169|0x000000070d900000, 0x000000070d900000, 0x000000070da00000|  0%| F|  |TAMS 0x000000070d900000, 0x000000070d900000| Untracked 
| 170|0x000000070da00000, 0x000000070da00000, 0x000000070db00000|  0%| F|  |TAMS 0x000000070da00000, 0x000000070da00000| Untracked 
| 171|0x000000070db00000, 0x000000070db00000, 0x000000070dc00000|  0%| F|  |TAMS 0x000000070db00000, 0x000000070db00000| Untracked 
| 172|0x000000070dc00000, 0x000000070dc00000, 0x000000070dd00000|  0%| F|  |TAMS 0x000000070dc00000, 0x000000070dc00000| Untracked 
| 173|0x000000070dd00000, 0x000000070dd00000, 0x000000070de00000|  0%| F|  |TAMS 0x000000070dd00000, 0x000000070dd00000| Untracked 
| 174|0x000000070de00000, 0x000000070de00000, 0x000000070df00000|  0%| F|  |TAMS 0x000000070de00000, 0x000000070de00000| Untracked 
| 175|0x000000070df00000, 0x000000070df00000, 0x000000070e000000|  0%| F|  |TAMS 0x000000070df00000, 0x000000070df00000| Untracked 
| 176|0x000000070e000000, 0x000000070e000000, 0x000000070e100000|  0%| F|  |TAMS 0x000000070e000000, 0x000000070e000000| Untracked 
| 177|0x000000070e100000, 0x000000070e100000, 0x000000070e200000|  0%| F|  |TAMS 0x000000070e100000, 0x000000070e100000| Untracked 
| 178|0x000000070e200000, 0x000000070e200000, 0x000000070e300000|  0%| F|  |TAMS 0x000000070e200000, 0x000000070e200000| Untracked 
| 179|0x000000070e300000, 0x000000070e300000, 0x000000070e400000|  0%| F|  |TAMS 0x000000070e300000, 0x000000070e300000| Untracked 
| 180|0x000000070e400000, 0x000000070e400000, 0x000000070e500000|  0%| F|  |TAMS 0x000000070e400000, 0x000000070e400000| Untracked 
| 181|0x000000070e500000, 0x000000070e500000, 0x000000070e600000|  0%| F|  |TAMS 0x000000070e500000, 0x000000070e500000| Untracked 
| 182|0x000000070e600000, 0x000000070e600000, 0x000000070e700000|  0%| F|  |TAMS 0x000000070e600000, 0x000000070e600000| Untracked 
| 183|0x000000070e700000, 0x000000070e700000, 0x000000070e800000|  0%| F|  |TAMS 0x000000070e700000, 0x000000070e700000| Untracked 
| 184|0x000000070e800000, 0x000000070e800000, 0x000000070e900000|  0%| F|  |TAMS 0x000000070e800000, 0x000000070e800000| Untracked 
| 185|0x000000070e900000, 0x000000070e900000, 0x000000070ea00000|  0%| F|  |TAMS 0x000000070e900000, 0x000000070e900000| Untracked 
| 186|0x000000070ea00000, 0x000000070ea00000, 0x000000070eb00000|  0%| F|  |TAMS 0x000000070ea00000, 0x000000070ea00000| Untracked 
| 187|0x000000070eb00000, 0x000000070eb00000, 0x000000070ec00000|  0%| F|  |TAMS 0x000000070eb00000, 0x000000070eb00000| Untracked 
| 188|0x000000070ec00000, 0x000000070ec00000, 0x000000070ed00000|  0%| F|  |TAMS 0x000000070ec00000, 0x000000070ec00000| Untracked 
| 189|0x000000070ed00000, 0x000000070ed00000, 0x000000070ee00000|  0%| F|  |TAMS 0x000000070ed00000, 0x000000070ed00000| Untracked 
| 190|0x000000070ee00000, 0x000000070ee00000, 0x000000070ef00000|  0%| F|  |TAMS 0x000000070ee00000, 0x000000070ee00000| Untracked 
| 191|0x000000070ef00000, 0x000000070ef00000, 0x000000070f000000|  0%| F|  |TAMS 0x000000070ef00000, 0x000000070ef00000| Untracked 
| 192|0x000000070f000000, 0x000000070f000000, 0x000000070f100000|  0%| F|  |TAMS 0x000000070f000000, 0x000000070f000000| Untracked 
| 193|0x000000070f100000, 0x000000070f100000, 0x000000070f200000|  0%| F|  |TAMS 0x000000070f100000, 0x000000070f100000| Untracked 
| 194|0x000000070f200000, 0x000000070f200000, 0x000000070f300000|  0%| F|  |TAMS 0x000000070f200000, 0x000000070f200000| Untracked 
| 195|0x000000070f300000, 0x000000070f300000, 0x000000070f400000|  0%| F|  |TAMS 0x000000070f300000, 0x000000070f300000| Untracked 
| 196|0x000000070f400000, 0x000000070f400000, 0x000000070f500000|  0%| F|  |TAMS 0x000000070f400000, 0x000000070f400000| Untracked 
| 197|0x000000070f500000, 0x000000070f500000, 0x000000070f600000|  0%| F|  |TAMS 0x000000070f500000, 0x000000070f500000| Untracked 
| 198|0x000000070f600000, 0x000000070f600000, 0x000000070f700000|  0%| F|  |TAMS 0x000000070f600000, 0x000000070f600000| Untracked 
| 199|0x000000070f700000, 0x000000070f700000, 0x000000070f800000|  0%| F|  |TAMS 0x000000070f700000, 0x000000070f700000| Untracked 
| 200|0x000000070f800000, 0x000000070f800000, 0x000000070f900000|  0%| F|  |TAMS 0x000000070f800000, 0x000000070f800000| Untracked 
| 201|0x000000070f900000, 0x000000070f900000, 0x000000070fa00000|  0%| F|  |TAMS 0x000000070f900000, 0x000000070f900000| Untracked 
| 202|0x000000070fa00000, 0x000000070fa00000, 0x000000070fb00000|  0%| F|  |TAMS 0x000000070fa00000, 0x000000070fa00000| Untracked 
| 203|0x000000070fb00000, 0x000000070fb00000, 0x000000070fc00000|  0%| F|  |TAMS 0x000000070fb00000, 0x000000070fb00000| Untracked 
| 204|0x000000070fc00000, 0x000000070fc00000, 0x000000070fd00000|  0%| F|  |TAMS 0x000000070fc00000, 0x000000070fc00000| Untracked 
| 205|0x000000070fd00000, 0x000000070fd00000, 0x000000070fe00000|  0%| F|  |TAMS 0x000000070fd00000, 0x000000070fd00000| Untracked 
| 206|0x000000070fe00000, 0x000000070fe00000, 0x000000070ff00000|  0%| F|  |TAMS 0x000000070fe00000, 0x000000070fe00000| Untracked 
| 207|0x000000070ff00000, 0x000000070ff00000, 0x0000000710000000|  0%| F|  |TAMS 0x000000070ff00000, 0x000000070ff00000| Untracked 
| 208|0x0000000710000000, 0x0000000710000000, 0x0000000710100000|  0%| F|  |TAMS 0x0000000710000000, 0x0000000710000000| Untracked 
| 209|0x0000000710100000, 0x0000000710100000, 0x0000000710200000|  0%| F|  |TAMS 0x0000000710100000, 0x0000000710100000| Untracked 
| 210|0x0000000710200000, 0x0000000710200000, 0x0000000710300000|  0%| F|  |TAMS 0x0000000710200000, 0x0000000710200000| Untracked 
| 211|0x0000000710300000, 0x0000000710300000, 0x0000000710400000|  0%| F|  |TAMS 0x0000000710300000, 0x0000000710300000| Untracked 
| 212|0x0000000710400000, 0x0000000710400000, 0x0000000710500000|  0%| F|  |TAMS 0x0000000710400000, 0x0000000710400000| Untracked 
| 213|0x0000000710500000, 0x0000000710500000, 0x0000000710600000|  0%| F|  |TAMS 0x0000000710500000, 0x0000000710500000| Untracked 
| 214|0x0000000710600000, 0x0000000710600000, 0x0000000710700000|  0%| F|  |TAMS 0x0000000710600000, 0x0000000710600000| Untracked 
| 215|0x0000000710700000, 0x0000000710700000, 0x0000000710800000|  0%| F|  |TAMS 0x0000000710700000, 0x0000000710700000| Untracked 
| 216|0x0000000710800000, 0x0000000710800000, 0x0000000710900000|  0%| F|  |TAMS 0x0000000710800000, 0x0000000710800000| Untracked 
| 217|0x0000000710900000, 0x0000000710900000, 0x0000000710a00000|  0%| F|  |TAMS 0x0000000710900000, 0x0000000710900000| Untracked 
| 218|0x0000000710a00000, 0x0000000710a00000, 0x0000000710b00000|  0%| F|  |TAMS 0x0000000710a00000, 0x0000000710a00000| Untracked 
| 219|0x0000000710b00000, 0x0000000710b00000, 0x0000000710c00000|  0%| F|  |TAMS 0x0000000710b00000, 0x0000000710b00000| Untracked 
| 220|0x0000000710c00000, 0x0000000710c00000, 0x0000000710d00000|  0%| F|  |TAMS 0x0000000710c00000, 0x0000000710c00000| Untracked 
| 221|0x0000000710d00000, 0x0000000710d00000, 0x0000000710e00000|  0%| F|  |TAMS 0x0000000710d00000, 0x0000000710d00000| Untracked 
| 222|0x0000000710e00000, 0x0000000710e00000, 0x0000000710f00000|  0%| F|  |TAMS 0x0000000710e00000, 0x0000000710e00000| Untracked 
| 223|0x0000000710f00000, 0x0000000710f00000, 0x0000000711000000|  0%| F|  |TAMS 0x0000000710f00000, 0x0000000710f00000| Untracked 
| 224|0x0000000711000000, 0x0000000711000000, 0x0000000711100000|  0%| F|  |TAMS 0x0000000711000000, 0x0000000711000000| Untracked 
| 225|0x0000000711100000, 0x0000000711100000, 0x0000000711200000|  0%| F|  |TAMS 0x0000000711100000, 0x0000000711100000| Untracked 
| 226|0x0000000711200000, 0x0000000711200000, 0x0000000711300000|  0%| F|  |TAMS 0x0000000711200000, 0x0000000711200000| Untracked 
| 227|0x0000000711300000, 0x0000000711300000, 0x0000000711400000|  0%| F|  |TAMS 0x0000000711300000, 0x0000000711300000| Untracked 
| 228|0x0000000711400000, 0x0000000711400000, 0x0000000711500000|  0%| F|  |TAMS 0x0000000711400000, 0x0000000711400000| Untracked 
| 229|0x0000000711500000, 0x0000000711500000, 0x0000000711600000|  0%| F|  |TAMS 0x0000000711500000, 0x0000000711500000| Untracked 
| 230|0x0000000711600000, 0x0000000711600000, 0x0000000711700000|  0%| F|  |TAMS 0x0000000711600000, 0x0000000711600000| Untracked 
| 231|0x0000000711700000, 0x0000000711700000, 0x0000000711800000|  0%| F|  |TAMS 0x0000000711700000, 0x0000000711700000| Untracked 
| 232|0x0000000711800000, 0x0000000711800000, 0x0000000711900000|  0%| F|  |TAMS 0x0000000711800000, 0x0000000711800000| Untracked 
| 233|0x0000000711900000, 0x0000000711900000, 0x0000000711a00000|  0%| F|  |TAMS 0x0000000711900000, 0x0000000711900000| Untracked 
| 234|0x0000000711a00000, 0x0000000711a00000, 0x0000000711b00000|  0%| F|  |TAMS 0x0000000711a00000, 0x0000000711a00000| Untracked 
| 235|0x0000000711b00000, 0x0000000711b00000, 0x0000000711c00000|  0%| F|  |TAMS 0x0000000711b00000, 0x0000000711b00000| Untracked 
| 236|0x0000000711c00000, 0x0000000711c00000, 0x0000000711d00000|  0%| F|  |TAMS 0x0000000711c00000, 0x0000000711c00000| Untracked 
| 237|0x0000000711d00000, 0x0000000711d00000, 0x0000000711e00000|  0%| F|  |TAMS 0x0000000711d00000, 0x0000000711d00000| Untracked 
| 238|0x0000000711e00000, 0x0000000711e00000, 0x0000000711f00000|  0%| F|  |TAMS 0x0000000711e00000, 0x0000000711e00000| Untracked 
| 239|0x0000000711f00000, 0x0000000711f00000, 0x0000000712000000|  0%| F|  |TAMS 0x0000000711f00000, 0x0000000711f00000| Untracked 
| 240|0x0000000712000000, 0x0000000712000000, 0x0000000712100000|  0%| F|  |TAMS 0x0000000712000000, 0x0000000712000000| Untracked 
| 241|0x0000000712100000, 0x0000000712100000, 0x0000000712200000|  0%| F|  |TAMS 0x0000000712100000, 0x0000000712100000| Untracked 
| 242|0x0000000712200000, 0x0000000712200000, 0x0000000712300000|  0%| F|  |TAMS 0x0000000712200000, 0x0000000712200000| Untracked 
| 243|0x0000000712300000, 0x0000000712300000, 0x0000000712400000|  0%| F|  |TAMS 0x0000000712300000, 0x0000000712300000| Untracked 
| 244|0x0000000712400000, 0x0000000712400000, 0x0000000712500000|  0%| F|  |TAMS 0x0000000712400000, 0x0000000712400000| Untracked 
| 245|0x0000000712500000, 0x0000000712500000, 0x0000000712600000|  0%| F|  |TAMS 0x0000000712500000, 0x0000000712500000| Untracked 
| 246|0x0000000712600000, 0x0000000712600000, 0x0000000712700000|  0%| F|  |TAMS 0x0000000712600000, 0x0000000712600000| Untracked 
| 247|0x0000000712700000, 0x0000000712700000, 0x0000000712800000|  0%| F|  |TAMS 0x0000000712700000, 0x0000000712700000| Untracked 
| 248|0x0000000712800000, 0x0000000712800000, 0x0000000712900000|  0%| F|  |TAMS 0x0000000712800000, 0x0000000712800000| Untracked 
| 249|0x0000000712900000, 0x000000071298a830, 0x0000000712a00000| 54%| E|  |TAMS 0x0000000712900000, 0x0000000712900000| Complete 
| 250|0x0000000712a00000, 0x0000000712b00000, 0x0000000712b00000|100%| E|CS|TAMS 0x0000000712a00000, 0x0000000712a00000| Complete 
| 251|0x0000000712b00000, 0x0000000712c00000, 0x0000000712c00000|100%| E|CS|TAMS 0x0000000712b00000, 0x0000000712b00000| Complete 
| 252|0x0000000712c00000, 0x0000000712d00000, 0x0000000712d00000|100%| E|CS|TAMS 0x0000000712c00000, 0x0000000712c00000| Complete 
| 253|0x0000000712d00000, 0x0000000712e00000, 0x0000000712e00000|100%| E|CS|TAMS 0x0000000712d00000, 0x0000000712d00000| Complete 

Card table byte_map: [0x0000022ea7900000,0x0000022ea80f0000] _byte_map_base: 0x0000022ea40e8000

Marking Bits (Prev, Next): (CMBitMap*) 0x0000022e8d736848, (CMBitMap*) 0x0000022e8d736888
 Prev Bits: [0x0000022ea88e0000, 0x0000022eac820000)
 Next Bits: [0x0000022eac820000, 0x0000022eb0760000)

Polling page: 0x0000022e8d4b0000

Metaspace:

Usage:
  Non-class:      4.30 MB capacity,     2.45 MB ( 57%) used,     1.85 MB ( 43%) free+waste,     2.69 KB ( <1%) overhead. 
      Class:    443.00 KB capacity,   263.75 KB ( 60%) used,   177.69 KB ( 40%) free+waste,     1.56 KB ( <1%) overhead. 
       Both:      4.73 MB capacity,     2.70 MB ( 57%) used,     2.02 MB ( 43%) free+waste,     4.25 KB ( <1%) overhead. 

Virtual space:
  Non-class space:        8.00 MB reserved,       4.50 MB ( 56%) committed 
      Class space:        1.00 GB reserved,     512.00 KB ( <1%) committed 
             Both:        1.01 GB reserved,       5.00 MB ( <1%) committed 

Chunk freelists:
   Non-Class:  14.00 KB
       Class:  5.00 KB
        Both:  19.00 KB

MaxMetaspaceSize: 17179869184.00 GB
CompressedClassSpaceSize: 1.00 GB

CodeHeap 'non-profiled nmethods': size=120000Kb used=128Kb max_used=128Kb free=119871Kb
 bounds [0x0000022e9f170000, 0x0000022e9f3e0000, 0x0000022ea66a0000]
CodeHeap 'profiled nmethods': size=120000Kb used=587Kb max_used=587Kb free=119412Kb
 bounds [0x0000022e97c40000, 0x0000022e97eb0000, 0x0000022e9f170000]
CodeHeap 'non-nmethods': size=5760Kb used=1229Kb max_used=1250Kb free=4530Kb
 bounds [0x0000022e976a0000, 0x0000022e97910000, 0x0000022e97c40000]
 total_blobs=802 nmethods=411 adapters=304
 compilation: enabled
              stopped_count=0, restarted_count=0
 full_count=0

Compilation events (20 events):
Event: 1832.561 Thread 0x0000022eb3ba6000  405       3       org.eclipse.jdt.launching.internal.org.objectweb.asm.SymbolTable::add (39 bytes)
Event: 1832.561 Thread 0x0000022eb3ba6000 nmethod 405 0x0000022e97ccfb90 code [0x0000022e97ccfd40, 0x0000022e97cd00d8]
Event: 1832.561 Thread 0x0000022eb3ba6000  406       3       java.lang.String::<init> (14 bytes)
Event: 1832.561 Thread 0x0000022eb3ba6000 nmethod 406 0x0000022e97cd0210 code [0x0000022e97cd03c0, 0x0000022e97cd05d8]
Event: 1874.721 Thread 0x0000022eb3ba6000  407       3       org.eclipse.jdt.launching.internal.org.objectweb.asm.ClassReader::readUtf (161 bytes)
Event: 1874.724 Thread 0x0000022eb3ba6000 

Event: 2485.353 Thread 0x0000022eb3ba6000  409       3       org.eclipse.jdt.launching.internal.org.objectweb.asm.ClassReader::readUtf (161 bytes)
Event: 2485.353 Thread 0x0000022eb3b9f800  410       4       org.eclipse.jdt.launching.internal.org.objectweb.asm.ClassReader::getItem (7 bytes)
Event: 2485.356 Thread 0x0000022eb3ba6000 

Event: 2485.356 Thread 0x0000022eb3ba6000  408       3       org.eclipse.jdt.launching.internal.org.objectweb.asm.SymbolTable$Entry::<init> (17 bytes)
Event: 2485.356 Thread 0x0000022eb3ba6000 nmethod 408 0x0000022e97cd0710 code [0x0000022e97cd08c0, 0x0000022e97cd0a68]
Event: 2485.356 Thread 0x0000022eb3b9f800 

Event: 8270.966 Thread 0x0000022eb3ba6000  413       3       java.lang.ref.ReferenceQueue::reallyPoll (65 bytes)
Event: 8270.968 Thread 0x0000022eb3ba6000 nmethod 413 0x0000022e97cd0b10 code [0x0000022e97cd0ce0, 0x0000022e97cd1238]
Event: 15891.034 Thread 0x0000022eb3ba6000  415   !   3       java.lang.ref.ReferenceQueue::remove (125 bytes)
Event: 15891.039 Thread 0x0000022eb3ba6000 nmethod 415 0x0000022e97cd1310 code [0x0000022e97cd1540, 0x0000022e97cd1e98]
Event: 15951.034 Thread 0x0000022eb3ba6000  416   !   3       jdk.internal.ref.PhantomCleanable::isListEmpty (34 bytes)
Event: 15951.035 Thread 0x0000022eb3ba6000 nmethod 416 0x0000022e97cd2210 code [0x0000022e97cd23c0, 0x0000022e97cd2718]
Event: 15951.035 Thread 0x0000022eb3ba6000  417       3       jdk.internal.misc.InnocuousThread::eraseThreadLocals (23 bytes)
Event: 15951.036 Thread 0x0000022eb3ba6000 nmethod 417 0x0000022e97cd2890 code [0x0000022e97cd2a20, 0x0000022e97cd2c38]

GC Heap History (0 events):
No events

Deoptimization events (20 events):
Event: 0.338 Thread 0x0000022e8d6cc000 DEOPT PACKING pc=0x0000022e97cb590d sp=0x0000003fcc3f7ef0
Event: 0.338 Thread 0x0000022e8d6cc000 DEOPT UNPACKING pc=0x0000022e976e964e sp=0x0000003fcc3f73b8 mode 0
Event: 0.340 Thread 0x0000022e8d6cc000 DEOPT PACKING pc=0x0000022e97cb590d sp=0x0000003fcc3f7ef0
Event: 0.340 Thread 0x0000022e8d6cc000 DEOPT UNPACKING pc=0x0000022e976e964e sp=0x0000003fcc3f73b8 mode 0
Event: 0.340 Thread 0x0000022e8d6cc000 DEOPT PACKING pc=0x0000022e97cb590d sp=0x0000003fcc3f7ef0
Event: 0.340 Thread 0x0000022e8d6cc000 DEOPT UNPACKING pc=0x0000022e976e964e sp=0x0000003fcc3f73b8 mode 0
Event: 0.340 Thread 0x0000022e8d6cc000 DEOPT PACKING pc=0x0000022e97cb590d sp=0x0000003fcc3f7ef0
Event: 0.340 Thread 0x0000022e8d6cc000 DEOPT UNPACKING pc=0x0000022e976e964e sp=0x0000003fcc3f73b8 mode 0
Event: 0.340 Thread 0x0000022e8d6cc000 DEOPT PACKING pc=0x0000022e97cb590d sp=0x0000003fcc3f7ef0
Event: 0.340 Thread 0x0000022e8d6cc000 DEOPT UNPACKING pc=0x0000022e976e964e sp=0x0000003fcc3f73b8 mode 0
Event: 0.343 Thread 0x0000022e8d6cc000 DEOPT PACKING pc=0x0000022e97cb590d sp=0x0000003fcc3fb9d0
Event: 0.343 Thread 0x0000022e8d6cc000 DEOPT UNPACKING pc=0x0000022e976e964e sp=0x0000003fcc3fae98 mode 0
Event: 0.343 Thread 0x0000022e8d6cc000 DEOPT PACKING pc=0x0000022e97cb590d sp=0x0000003fcc3fb9d0
Event: 0.343 Thread 0x0000022e8d6cc000 DEOPT UNPACKING pc=0x0000022e976e964e sp=0x0000003fcc3fae98 mode 0
Event: 0.343 Thread 0x0000022e8d6cc000 DEOPT PACKING pc=0x0000022e97cb590d sp=0x0000003fcc3fb9d0
Event: 0.343 Thread 0x0000022e8d6cc000 DEOPT UNPACKING pc=0x0000022e976e964e sp=0x0000003fcc3fae98 mode 0
Event: 0.344 Thread 0x0000022e8d6cc000 DEOPT PACKING pc=0x0000022e97cb590d sp=0x0000003fcc3fb9d0
Event: 0.344 Thread 0x0000022e8d6cc000 DEOPT UNPACKING pc=0x0000022e976e964e sp=0x0000003fcc3fae98 mode 0
Event: 0.345 Thread 0x0000022e8d6cc000 DEOPT PACKING pc=0x0000022e97cb590d sp=0x0000003fcc3f7e70
Event: 0.345 Thread 0x0000022e8d6cc000 DEOPT UNPACKING pc=0x0000022e976e964e sp=0x0000003fcc3f7338 mode 0

Classes unloaded (0 events):
No events

Classes redefined (4 events):
Event: 456.612 Thread 0x0000022eb32e2800 redefined class name=test2, count=1
Event: 1832.559 Thread 0x0000022eb32e2800 redefined class name=test2, count=2
Event: 1874.723 Thread 0x0000022eb32e2800 redefined class name=test2, count=3
Event: 2485.354 Thread 0x0000022eb32e2800 redefined class name=test2, count=4

Internal exceptions (0 events):
No events

Events (20 events):
Event: 2486.445 Executing VM operation: GetFrameCount done
Event: 2486.446 Executing VM operation: GetOwnedMonitorInfo
Event: 2486.446 Executing VM operation: GetOwnedMonitorInfo done
Event: 2486.447 Executing VM operation: GetCurrentContendedMonitor
Event: 2486.447 Executing VM operation: GetCurrentContendedMonitor done
Event: 7850.962 Loaded shared library C:\Program Files\Java\jdk-14.0.2\bin\java.dll
Event: 71451.584 Executing VM operation: GetCurrentContendedMonitor
Event: 71451.584 Executing VM operation: GetCurrentContendedMonitor done
Event: 71451.584 Executing VM operation: GetOwnedMonitorInfo
Event: 71451.585 Executing VM operation: GetOwnedMonitorInfo done
Event: 71451.701 Executing VM operation: GetCurrentContendedMonitor
Event: 71451.701 Executing VM operation: GetCurrentContendedMonitor done
Event: 71451.701 Executing VM operation: GetOwnedMonitorInfo
Event: 71451.701 Executing VM operation: GetOwnedMonitorInfo done
Event: 71452.785 Executing VM operation: GetFrameCount
Event: 71452.786 Executing VM operation: GetFrameCount done
Event: 71452.786 Executing VM operation: GetOwnedMonitorInfo
Event: 71452.786 Executing VM operation: GetOwnedMonitorInfo done
Event: 71452.786 Executing VM operation: GetCurrentContendedMonitor
Event: 71452.786 Executing VM operation: GetCurrentContendedMonitor done


Dynamic libraries:
0x00007ff782790000 - 0x00007ff78279f000 	C:\Program Files\Java\jdk-14.0.2\bin\javaw.exe
0x00007fff66f00000 - 0x00007fff670f0000 	C:\Windows\SYSTEM32\ntdll.dll
0x00007fff65450000 - 0x00007fff65502000 	C:\Windows\System32\KERNEL32.DLL
0x00007fff64c60000 - 0x00007fff64f05000 	C:\Windows\System32\KERNELBASE.dll
0x00007fff64b60000 - 0x00007fff64c5a000 	C:\Windows\System32\ucrtbase.dll
0x00007fff547b0000 - 0x00007fff547c8000 	C:\Program Files\Java\jdk-14.0.2\bin\jli.dll
0x00007fff54790000 - 0x00007fff547a5000 	C:\Program Files\Java\jdk-14.0.2\bin\VCRUNTIME140.dll
0x00007fff65570000 - 0x00007fff65613000 	C:\Windows\System32\ADVAPI32.dll
0x00007fff666b0000 - 0x00007fff6674e000 	C:\Windows\System32\msvcrt.dll
0x00007fff66480000 - 0x00007fff66517000 	C:\Windows\System32\sechost.dll
0x00007fff64fd0000 - 0x00007fff650f0000 	C:\Windows\System32\RPCRT4.dll
0x00007fff66cb0000 - 0x00007fff66e44000 	C:\Windows\System32\USER32.dll
0x00007fff64a40000 - 0x00007fff64a61000 	C:\Windows\System32\win32u.dll
0x00007fff4de60000 - 0x00007fff4e0e4000 	C:\Windows\WinSxS\amd64_microsoft.windows.common-controls_6595b64144ccf1df_6.0.18362.1139_none_9e7bf2d3e4605ac6\COMCTL32.dll
0x00007fff65150000 - 0x00007fff65176000 	C:\Windows\System32\GDI32.dll
0x00007fff640f0000 - 0x00007fff64286000 	C:\Windows\System32\gdi32full.dll
0x00007fff66750000 - 0x00007fff66a85000 	C:\Windows\System32\combase.dll
0x00007fff64a70000 - 0x00007fff64b0e000 	C:\Windows\System32\msvcp_win.dll
0x00007fff64f10000 - 0x00007fff64f90000 	C:\Windows\System32\bcryptPrimitives.dll
0x00007fff59d10000 - 0x00007fff59d1a000 	C:\Windows\SYSTEM32\VERSION.dll
0x00007fff65620000 - 0x00007fff6564e000 	C:\Windows\System32\IMM32.DLL
0x00007fff4bd10000 - 0x00007fff4bdab000 	C:\Program Files\Java\jdk-14.0.2\bin\msvcp140.dll
0x00007fff11ce0000 - 0x00007fff127fe000 	C:\Program Files\Java\jdk-14.0.2\bin\server\jvm.dll
0x00007fff665f0000 - 0x00007fff665f8000 	C:\Windows\System32\PSAPI.DLL
0x00007fff58e60000 - 0x00007fff58e69000 	C:\Windows\SYSTEM32\WSOCK32.dll
0x00007fff4a760000 - 0x00007fff4a784000 	C:\Windows\SYSTEM32\WINMM.dll
0x00007fff66c40000 - 0x00007fff66caf000 	C:\Windows\System32\WS2_32.dll
0x00007fff540f0000 - 0x00007fff5411d000 	C:\Windows\SYSTEM32\WINMMBASE.dll
0x00007fff64b10000 - 0x00007fff64b5a000 	C:\Windows\System32\cfgmgr32.dll
0x00007fff63df0000 - 0x00007fff63e01000 	C:\Windows\System32\kernel.appcore.dll
0x00007fff58e50000 - 0x00007fff58e5a000 	C:\Program Files\Java\jdk-14.0.2\bin\jimage.dll
0x00007fff5f510000 - 0x00007fff5f704000 	C:\Windows\SYSTEM32\DBGHELP.DLL
0x00007fff58da0000 - 0x00007fff58dca000 	C:\Windows\SYSTEM32\dbgcore.DLL
0x00007fff4baf0000 - 0x00007fff4bb28000 	C:\Program Files\Java\jdk-14.0.2\bin\jdwp.dll
0x00007fff54240000 - 0x00007fff54265000 	C:\Program Files\Java\jdk-14.0.2\bin\java.dll
0x00007fff5aa20000 - 0x00007fff5aa2e000 	C:\Program Files\Java\jdk-14.0.2\bin\instrument.dll
0x00007fff52030000 - 0x00007fff52046000 	C:\Program Files\Java\jdk-14.0.2\bin\zip.dll
0x00007fff65870000 - 0x00007fff65f57000 	C:\Windows\System32\SHELL32.dll
0x00007fff65f60000 - 0x00007fff66009000 	C:\Windows\System32\shcore.dll
0x00007fff64290000 - 0x00007fff64a10000 	C:\Windows\System32\windows.storage.dll
0x00007fff63e60000 - 0x00007fff63e83000 	C:\Windows\System32\profapi.dll
0x00007fff63e10000 - 0x00007fff63e5a000 	C:\Windows\System32\powrprof.dll
0x00007fff63dc0000 - 0x00007fff63dd0000 	C:\Windows\System32\UMPDC.dll
0x00007fff653f0000 - 0x00007fff65442000 	C:\Windows\System32\shlwapi.dll
0x00007fff64f90000 - 0x00007fff64fa7000 	C:\Windows\System32\cryptsp.dll
0x00007fff545b0000 - 0x00007fff545bb000 	C:\Program Files\Java\jdk-14.0.2\bin\dt_socket.dll
0x00007fff63320000 - 0x00007fff6335a000 	C:\Windows\SYSTEM32\IPHLPAPI.DLL
0x00007fff63610000 - 0x00007fff63677000 	C:\Windows\system32\mswsock.dll
0x00007fff633b0000 - 0x00007fff6347b000 	C:\Windows\SYSTEM32\DNSAPI.dll
0x00007fff65360000 - 0x00007fff65368000 	C:\Windows\System32\NSI.dll
0x00007fff58d30000 - 0x00007fff58d3a000 	C:\Windows\System32\rasadhlp.dll
0x00007fff58c90000 - 0x00007fff58d07000 	C:\Windows\System32\fwpuclnt.dll
0x00007fff64a10000 - 0x00007fff64a36000 	C:\Windows\System32\bcrypt.dll
0x00007fff51f80000 - 0x00007fff51f99000 	C:\Program Files\Java\jdk-14.0.2\bin\net.dll
0x00007fff5c070000 - 0x00007fff5c160000 	C:\Windows\SYSTEM32\WINHTTP.dll
0x00007fff51f60000 - 0x00007fff51f72000 	C:\Program Files\Java\jdk-14.0.2\bin\nio.dll
0x00007fff55f60000 - 0x00007fff55f70000 	C:\Program Files\Java\jdk-14.0.2\bin\verify.dll

dbghelp: loaded successfully - version: 4.0.5 - missing functions: none
symbol engine: initialized successfully - sym options: 0x614 - pdb path: .;C:\Program Files\Java\jdk-14.0.2\bin;C:\Windows\SYSTEM32;C:\Windows\WinSxS\amd64_microsoft.windows.common-controls_6595b64144ccf1df_6.0.18362.1139_none_9e7bf2d3e4605ac6;C:\Program Files\Java\jdk-14.0.2\bin\server

VM Arguments:
jvm_args: -agentlib:jdwp=transport=dt_socket,suspend=y,address=localhost:61335 -javaagent:C:\eclipse\configuration\org.eclipse.osgi\222\0\.cp\lib\javaagent-shaded.jar -Dfile.encoding=UTF-8 
java_command: test2
java_class_path (initial): C:\Users\ZZQ\Desktop\AI INTRO\HW1\gvgai-assignment1\bin
Launcher Type: SUN_STANDARD

[Global flags]
     intx CICompilerCount                          = 4                                         {product} {ergonomic}
     uint ConcGCThreads                            = 2                                         {product} {ergonomic}
     uint G1ConcRefinementThreads                  = 8                                         {product} {ergonomic}
   size_t G1HeapRegionSize                         = 1048576                                   {product} {ergonomic}
    uintx GCDrainStackTargetSize                   = 64                                        {product} {ergonomic}
   size_t InitialHeapSize                          = 266338304                                 {product} {ergonomic}
   size_t MarkStackSize                            = 4194304                                   {product} {ergonomic}
   size_t MaxHeapSize                              = 4244635648                                {product} {ergonomic}
   size_t MaxNewSize                               = 2545942528                                {product} {ergonomic}
   size_t MinHeapDeltaBytes                        = 1048576                                   {product} {ergonomic}
   size_t MinHeapSize                              = 8388608                                   {product} {ergonomic}
    uintx NonNMethodCodeHeapSize                   = 5839372                                {pd product} {ergonomic}
    uintx NonProfiledCodeHeapSize                  = 122909434                              {pd product} {ergonomic}
    uintx ProfiledCodeHeapSize                     = 122909434                              {pd product} {ergonomic}
    uintx ReservedCodeCacheSize                    = 251658240                              {pd product} {ergonomic}
     bool SegmentedCodeCache                       = true                                      {product} {ergonomic}
   size_t SoftMaxHeapSize                          = 4244635648                             {manageable} {ergonomic}
     bool UseCompressedClassPointers               = true                                 {lp64_product} {ergonomic}
     bool UseCompressedOops                        = true                                 {lp64_product} {ergonomic}
     bool UseG1GC                                  = true                                      {product} {ergonomic}
     bool UseLargePagesIndividualAllocation        = false                                  {pd product} {ergonomic}

Logging:
Log output configuration:
 #0: stdout all=warning uptime,level,tags
 #1: stderr all=off uptime,level,tags

Environment Variables:
PATH=C:/Program Files/Java/jdk-14.0.2/bin/server;C:/Program Files/Java/jdk-14.0.2/bin;C:\Windows\system32;C:\Windows;C:\Windows\System32\Wbem;C:\Windows\System32\WindowsPowerShell\v1.0\;C:\Windows\System32\OpenSSH\;C:\Users\ZZQ\Anaconda3;C:\Users\ZZQ\Anaconda3\Library\mingw-w64\bin;C:\Users\ZZQ\Anaconda3\Library\usr\bin;C:\Users\ZZQ\Anaconda3\Library\bin;C:\Users\ZZQ\Anaconda3\Scripts;C:\Users\ZZQ\AppData\Local\Microsoft\WindowsApps;C:\Users\ZZQ\AppData\Local\Programs\Microsoft VS Code\bin;C:\mingw64\bin;C:\Program Files\Java\jdk-14.0.2\bin;;C:\eclipse;
USERNAME=ZZQ
OS=Windows_NT
PROCESSOR_IDENTIFIER=Intel64 Family 6 Model 142 Stepping 11, GenuineIntel



---------------  S Y S T E M  ---------------

OS: Windows 10 , 64 bit Build 18362 (10.0.18362.1110)
OS uptime: 6 days 2:51 hours

CPU:total 8 (initial active 8) (4 cores per cpu, 2 threads per core) family 6 model 142 stepping 11, cmov, cx8, fxsr, mmx, sse, sse2, sse3, ssse3, sse4.1, sse4.2, popcnt, avx, avx2, aes, clmul, erms, 3dnowpref, lzcnt, ht, tsc, tscinvbit, bmi1, bmi2, adx, fma

Memory: 4k page, system-wide physical 16191M (8440M free)
TotalPageFile size 18623M (AvailPageFile size 2976M)
current process WorkingSet (physical memory assigned to process): 10M, peak: 44M
current process commit charge ("private bytes"): 348M, peak: 350M

vm_info: Java HotSpot(TM) 64-Bit Server VM (14.0.2+12-46) for windows-amd64 JRE (14.0.2+12-46), built on Jul  9 2020 00:35:52 by "mach5one" with MS VC++ 15.9 (VS2017)

END.
